Build started 3/29/2012 11:12:14 AM.
     1>Project "S:\CIS565-Spring-2012-zubeenHomework\CIS565-Spring-2012-zubeenHomework-923c49d1456c013f93fb67705189fdbcd920d54c\Homework2\asn\reduce\reduce.vcxproj" on node 2 (build target(s)).
     1>InitializeBuildStatus:
         Creating "Debug\Radix.unsuccessfulbuild" because "AlwaysCreate" was specified.
       AddCudaCompileDeps:
       Skipping target "AddCudaCompileDeps" because all output files are up-to-date with respect to the input files.
       AddCudaCompilePropsDeps:
       Skipping target "AddCudaCompilePropsDeps" because all output files are up-to-date with respect to the input files.
       CudaBuild:
       Skipping target "CudaBuild" because all output files are up-to-date with respect to the input files.
       ClCompile:
         c:\Program Files (x86)\Microsoft Visual Studio 10.0\VC\bin\CL.exe /c /I"C:\Program Files\NVIDIA GPU Computing Toolkit\CUDA\v4.0\include" /ZI /nologo /W3 /WX- /Od /Oy- /D WIN32 /D _DEBUG /D _CONSOLE /D _UNICODE /D UNICODE /Gm /EHsc /RTC1 /MDd /GS /fp:precise /Zc:wchar_t /Zc:forScope /Fo"Debug\\" /Fd"Debug\vc100.pdb" /Gd /TP /analyze- /errorReport:prompt radix.cpp
         radix.cpp
     1>s:\cis565-spring-2012-zubeenhomework\cis565-spring-2012-zubeenhomework-923c49d1456c013f93fb67705189fdbcd920d54c\homework2\asn\reduce\radix.cpp(61): warning C4244: '=' : conversion from 'double' to 'float', possible loss of data
       ManifestResourceCompile:
         All outputs are up-to-date.
       Link:
         c:\Program Files (x86)\Microsoft Visual Studio 10.0\VC\bin\link.exe /ERRORREPORT:PROMPT /OUT:"S:\CIS565-Spring-2012-zubeenHomework\CIS565-Spring-2012-zubeenHomework-923c49d1456c013f93fb67705189fdbcd920d54c\Homework2\asn\Debug\Radix.exe" /INCREMENTAL /NOLOGO /LIBPATH:"C:\Program Files\NVIDIA GPU Computing Toolkit\CUDA\v4.0\lib\Win32" cudart.lib kernel32.lib user32.lib gdi32.lib winspool.lib comdlg32.lib advapi32.lib shell32.lib ole32.lib oleaut32.lib uuid.lib odbc32.lib odbccp32.lib kernel32.lib user32.lib gdi32.lib winspool.lib comdlg32.lib advapi32.lib shell32.lib ole32.lib oleaut32.lib uuid.lib odbc32.lib odbccp32.lib /MANIFEST /ManifestFile:"Debug\Radix.exe.intermediate.manifest" /MANIFESTUAC:"level='asInvoker' uiAccess='false'" /DEBUG /PDB:"S:\CIS565-Spring-2012-zubeenHomework\CIS565-Spring-2012-zubeenHomework-923c49d1456c013f93fb67705189fdbcd920d54c\Homework2\asn\Debug\Radix.pdb" /SUBSYSTEM:CONSOLE /TLBID:1 /DYNAMICBASE /NXCOMPAT /IMPLIB:"S:\CIS565-Spring-2012-zubeenHomework\CIS565-Spring-2012-zubeenHomework-923c49d1456c013f93fb67705189fdbcd920d54c\Homework2\asn\Debug\Radix.lib" /MACHINE:X86 "S:\CIS565-Spring-2012-zubeenHomework\CIS565-Spring-2012-zubeenHomework-923c49d1456c013f93fb67705189fdbcd920d54c\Homework2\asn\reduce\Win32/Debug/radix_kernel.cu.obj"
         Debug\Radix.exe.embed.manifest.res
         Debug\radix.obj
       Manifest:
         C:\Program Files (x86)\Microsoft SDKs\Windows\v7.0A\bin\mt.exe /nologo /verbose /out:"Debug\Radix.exe.embed.manifest" /manifest Debug\Radix.exe.intermediate.manifest
         All outputs are up-to-date.
       LinkEmbedManifest:
         All outputs are up-to-date.
         reduce.vcxproj -> S:\CIS565-Spring-2012-zubeenHomework\CIS565-Spring-2012-zubeenHomework-923c49d1456c013f93fb67705189fdbcd920d54c\Homework2\asn\Debug\Radix.exe
       FinalizeBuildStatus:
         Deleting file "Debug\Radix.unsuccessfulbuild".
         Touching "Debug\Radix.lastbuildstate".
     1>Done Building Project "S:\CIS565-Spring-2012-zubeenHomework\CIS565-Spring-2012-zubeenHomework-923c49d1456c013f93fb67705189fdbcd920d54c\Homework2\asn\reduce\reduce.vcxproj" (build target(s)).

Build succeeded.

Time Elapsed 00:00:05.41
