S:\CIS565 - 2012\CIS565-SPRING-2012-ZUBEENHOMEWORK\CIS565-SPRING-2012-ZUBEENHOMEWORK-2291E825B6214EBB86A012FF1F49B537ACDCE85F\HOMEWORK2\ASN\DEBUG\REDUCE.EXE
S:\CIS565 - 2012\CIS565-SPRING-2012-ZUBEENHOMEWORK\CIS565-SPRING-2012-ZUBEENHOMEWORK-2291E825B6214EBB86A012FF1F49B537ACDCE85F\HOMEWORK2\ASN\DEBUG\REDUCE.ILK
S:\CIS565 - 2012\CIS565-SPRING-2012-ZUBEENHOMEWORK\CIS565-SPRING-2012-ZUBEENHOMEWORK-2291E825B6214EBB86A012FF1F49B537ACDCE85F\HOMEWORK2\ASN\DEBUG\REDUCE.PDB
S:\CIS565 - 2012\CIS565-Spring-2012-zubeenHomework\CIS565-Spring-2012-zubeenHomework-2291e825b6214ebb86a012ff1f49b537acdce85f\Homework2\asn\reduce\Debug\cl.command.1.tlog
S:\CIS565 - 2012\CIS565-Spring-2012-zubeenHomework\CIS565-Spring-2012-zubeenHomework-2291e825b6214ebb86a012ff1f49b537acdce85f\Homework2\asn\reduce\Debug\CL.read.1.tlog
S:\CIS565 - 2012\CIS565-Spring-2012-zubeenHomework\CIS565-Spring-2012-zubeenHomework-2291e825b6214ebb86a012ff1f49b537acdce85f\Homework2\asn\reduce\Debug\CL.write.1.tlog
S:\CIS565 - 2012\CIS565-Spring-2012-zubeenHomework\CIS565-Spring-2012-zubeenHomework-2291e825b6214ebb86a012ff1f49b537acdce85f\Homework2\asn\reduce\Debug\link.3496.read.1.tlog
S:\CIS565 - 2012\CIS565-Spring-2012-zubeenHomework\CIS565-Spring-2012-zubeenHomework-2291e825b6214ebb86a012ff1f49b537acdce85f\Homework2\asn\reduce\Debug\link.3496.write.1.tlog
S:\CIS565 - 2012\CIS565-Spring-2012-zubeenHomework\CIS565-Spring-2012-zubeenHomework-2291e825b6214ebb86a012ff1f49b537acdce85f\Homework2\asn\reduce\Debug\link.3496-cvtres.read.1.tlog
S:\CIS565 - 2012\CIS565-Spring-2012-zubeenHomework\CIS565-Spring-2012-zubeenHomework-2291e825b6214ebb86a012ff1f49b537acdce85f\Homework2\asn\reduce\Debug\link.3496-cvtres.write.1.tlog
S:\CIS565 - 2012\CIS565-Spring-2012-zubeenHomework\CIS565-Spring-2012-zubeenHomework-2291e825b6214ebb86a012ff1f49b537acdce85f\Homework2\asn\reduce\Debug\link.command.1.tlog
S:\CIS565 - 2012\CIS565-Spring-2012-zubeenHomework\CIS565-Spring-2012-zubeenHomework-2291e825b6214ebb86a012ff1f49b537acdce85f\Homework2\asn\reduce\Debug\link.read.1.tlog
S:\CIS565 - 2012\CIS565-Spring-2012-zubeenHomework\CIS565-Spring-2012-zubeenHomework-2291e825b6214ebb86a012ff1f49b537acdce85f\Homework2\asn\reduce\Debug\link.write.1.tlog
S:\CIS565 - 2012\CIS565-Spring-2012-zubeenHomework\CIS565-Spring-2012-zubeenHomework-2291e825b6214ebb86a012ff1f49b537acdce85f\Homework2\asn\reduce\Debug\link-cvtres.read.1.tlog
S:\CIS565 - 2012\CIS565-Spring-2012-zubeenHomework\CIS565-Spring-2012-zubeenHomework-2291e825b6214ebb86a012ff1f49b537acdce85f\Homework2\asn\reduce\Debug\link-cvtres.write.1.tlog
S:\CIS565 - 2012\CIS565-Spring-2012-zubeenHomework\CIS565-Spring-2012-zubeenHomework-2291e825b6214ebb86a012ff1f49b537acdce85f\Homework2\asn\reduce\Debug\mt.command.1.tlog
S:\CIS565 - 2012\CIS565-Spring-2012-zubeenHomework\CIS565-Spring-2012-zubeenHomework-2291e825b6214ebb86a012ff1f49b537acdce85f\Homework2\asn\reduce\Debug\mt.read.1.tlog
S:\CIS565 - 2012\CIS565-Spring-2012-zubeenHomework\CIS565-Spring-2012-zubeenHomework-2291e825b6214ebb86a012ff1f49b537acdce85f\Homework2\asn\reduce\Debug\mt.write.1.tlog
S:\CIS565 - 2012\CIS565-Spring-2012-zubeenHomework\CIS565-Spring-2012-zubeenHomework-2291e825b6214ebb86a012ff1f49b537acdce85f\Homework2\asn\reduce\Debug\rc.command.1.tlog
S:\CIS565 - 2012\CIS565-Spring-2012-zubeenHomework\CIS565-Spring-2012-zubeenHomework-2291e825b6214ebb86a012ff1f49b537acdce85f\Homework2\asn\reduce\Debug\rc.read.1.tlog
S:\CIS565 - 2012\CIS565-Spring-2012-zubeenHomework\CIS565-Spring-2012-zubeenHomework-2291e825b6214ebb86a012ff1f49b537acdce85f\Homework2\asn\reduce\Debug\rc.write.1.tlog
S:\CIS565 - 2012\CIS565-SPRING-2012-ZUBEENHOMEWORK\CIS565-SPRING-2012-ZUBEENHOMEWORK-2291E825B6214EBB86A012FF1F49B537ACDCE85F\HOMEWORK2\ASN\REDUCE\DEBUG\REDUCE.EXE.EMBED.MANIFEST
S:\CIS565 - 2012\CIS565-SPRING-2012-ZUBEENHOMEWORK\CIS565-SPRING-2012-ZUBEENHOMEWORK-2291E825B6214EBB86A012FF1F49B537ACDCE85F\HOMEWORK2\ASN\REDUCE\DEBUG\REDUCE.EXE.EMBED.MANIFEST.RES
S:\CIS565 - 2012\CIS565-SPRING-2012-ZUBEENHOMEWORK\CIS565-SPRING-2012-ZUBEENHOMEWORK-2291E825B6214EBB86A012FF1F49B537ACDCE85F\HOMEWORK2\ASN\REDUCE\DEBUG\REDUCE.EXE.INTERMEDIATE.MANIFEST
S:\CIS565 - 2012\CIS565-SPRING-2012-ZUBEENHOMEWORK\CIS565-SPRING-2012-ZUBEENHOMEWORK-2291E825B6214EBB86A012FF1F49B537ACDCE85F\HOMEWORK2\ASN\REDUCE\DEBUG\REDUCE.OBJ
S:\CIS565 - 2012\CIS565-Spring-2012-zubeenHomework\CIS565-Spring-2012-zubeenHomework-2291e825b6214ebb86a012ff1f49b537acdce85f\Homework2\asn\reduce\Debug\reduce_kernel.cu.cache
S:\CIS565 - 2012\CIS565-Spring-2012-zubeenHomework\CIS565-Spring-2012-zubeenHomework-2291e825b6214ebb86a012ff1f49b537acdce85f\Homework2\asn\reduce\Debug\reduce_manifest.rc
S:\CIS565 - 2012\CIS565-Spring-2012-zubeenHomework\CIS565-Spring-2012-zubeenHomework-2291e825b6214ebb86a012ff1f49b537acdce85f\Homework2\asn\reduce\Debug\vc100.idb
S:\CIS565 - 2012\CIS565-SPRING-2012-ZUBEENHOMEWORK\CIS565-SPRING-2012-ZUBEENHOMEWORK-2291E825B6214EBB86A012FF1F49B537ACDCE85F\HOMEWORK2\ASN\REDUCE\DEBUG\VC100.PDB
